SF:lib/Shared/Security/Repository/AuthRepository.dart
DA:17,1
DA:18,2
DA:19,2
DA:21,1
DA:24,2
DA:29,2
DA:31,0
DA:32,0
DA:33,0
DA:35,0
DA:39,2
DA:40,3
DA:41,3
DA:42,3
DA:43,1
DA:44,4
DA:45,5
DA:46,5
DA:47,5
DA:48,5
DA:49,5
DA:50,4
DA:51,5
DA:57,0
DA:61,0
DA:62,0
DA:64,0
DA:65,0
DA:66,0
DA:67,0
DA:71,0
DA:72,0
DA:76,0
DA:77,0
DA:78,0
DA:83,0
DA:84,0
DA:85,0
DA:86,0
DA:89,0
DA:92,0
DA:101,0
DA:103,0
DA:104,0
DA:105,0
DA:107,0
DA:112,0
DA:113,0
DA:114,0
DA:120,0
DA:121,0
DA:125,0
LF:52
LH:19
end_of_record
SF:lib/Src/repository/aluno/AlunosRepository.dart
DA:12,1
DA:13,2
DA:14,2
DA:15,1
DA:17,3
DA:21,2
DA:22,1
DA:24,2
DA:25,3
DA:30,4
DA:33,0
DA:34,0
DA:36,0
DA:41,0
DA:42,0
DA:43,0
DA:47,1
DA:48,2
DA:49,2
DA:50,1
DA:52,3
DA:56,2
DA:57,1
DA:59,2
DA:60,3
DA:63,1
DA:64,3
DA:65,4
DA:66,4
DA:72,0
DA:73,0
DA:75,0
DA:80,0
DA:81,0
DA:82,0
DA:86,0
DA:88,0
DA:89,0
DA:90,0
DA:92,0
DA:94,0
DA:105,0
DA:108,0
DA:109,0
DA:110,0
DA:112,0
DA:113,0
DA:115,0
LF:48
LH:23
end_of_record
SF:lib/Src/controller/requerimentController.dart
DA:5,3
DA:16,0
DA:17,0
DA:18,0
LF:4
LH:1
end_of_record
SF:lib/Shared/Security/Controller/userController.dart
DA:5,3
LF:1
LH:1
end_of_record
SF:lib/Src/repository/adm/requerimentTypesRepository.dart
DA:12,1
DA:13,2
DA:14,2
DA:15,1
DA:17,3
DA:21,0
DA:22,0
DA:24,0
DA:26,0
DA:28,0
DA:29,0
DA:37,0
DA:38,0
DA:39,0
LF:14
LH:5
end_of_record
SF:lib/Src/controller/requerimentTypeController.dart
DA:5,0
DA:16,0
DA:17,0
DA:18,0
DA:19,0
DA:21,0
DA:27,0
DA:28,0
DA:29,0
DA:30,0
DA:31,0
LF:11
LH:0
end_of_record
SF:lib/Src/model/adm/requerimentTypeModel.dart
DA:8,0
DA:10,0
DA:13,0
DA:25,0
DA:26,0
DA:27,0
DA:28,0
DA:29,0
DA:32,0
DA:33,0
DA:34,0
DA:35,0
DA:36,0
LF:13
LH:0
end_of_record
SF:lib/Src/model/aluno/AlunoModel.dart
DA:8,0
DA:10,0
DA:13,1
DA:31,2
DA:32,1
DA:33,1
DA:34,1
DA:35,1
DA:36,1
DA:37,1
DA:38,1
DA:41,0
DA:42,0
DA:43,0
DA:44,0
DA:45,0
DA:46,0
DA:47,0
DA:48,0
DA:54,0
DA:56,0
DA:59,1
DA:77,2
DA:78,1
DA:79,1
DA:80,1
DA:81,1
DA:82,1
DA:83,1
DA:84,1
DA:87,0
DA:88,0
DA:89,0
DA:90,0
DA:91,0
DA:92,0
DA:93,0
DA:94,0
LF:38
LH:18
end_of_record
SF:lib/Shared/Security/Controller/ErrorControlers.dart
DA:5,3
LF:1
LH:1
end_of_record
SF:lib/Shared/urls.dart
DA:3,0
LF:1
LH:0
end_of_record
SF:lib/Shared/Security/Services/Logar.dart
DA:3,0
DA:4,0
LF:2
LH:0
end_of_record
SF:lib/Shared/Security/Model/ErrorModel.dart
DA:8,0
DA:10,0
DA:13,0
DA:23,0
DA:24,0
DA:25,0
DA:26,0
DA:29,0
DA:30,0
DA:31,0
DA:32,0
LF:11
LH:0
end_of_record
SF:lib/Shared/Security/Model/LoginModel.dart
DA:8,0
DA:10,0
DA:13,1
DA:23,2
DA:24,4
DA:25,2
DA:26,1
DA:29,0
DA:30,0
DA:31,0
DA:32,0
DA:37,1
DA:55,2
DA:56,1
DA:57,1
DA:58,1
DA:59,1
DA:60,1
DA:61,1
DA:62,1
DA:65,0
DA:66,0
DA:67,0
DA:68,0
DA:69,0
DA:70,0
DA:71,0
DA:72,0
LF:28
LH:14
end_of_record
SF:lib/Shared/Security/Model/SignUpModel.dart
DA:8,0
DA:10,0
DA:13,0
DA:27,0
DA:28,0
DA:29,0
DA:30,0
DA:31,0
DA:32,0
DA:35,0
DA:36,0
DA:37,0
DA:38,0
DA:39,0
DA:40,0
LF:15
LH:0
end_of_record
SF:lib/Src/controller/status.dart
DA:4,3
LF:1
LH:1
end_of_record
